<?xml version="1.0" encoding="UTF-8"?>
<!-- Generated by org.testng.reporters.JUnitXMLReporter -->
<testsuite ignored="1" hostname="Lenovo" failures="0" tests="10" name="Test" time="204.017" errors="0" timestamp="2022-11-21T22:31:25 IST">
  <testcase classname="Scenarios.ThruTextFile" name="txtFile" time="0.01"/>
  <testcase classname="Scenarios.HandlingAlerts" name="handlingAlerts" time="36.775"/>
  <testcase classname="Scenarios.ReadFromWebTable" name="readFrmTable" time="33.41"/>
  <testcase classname="Scenarios.CompareWebTableData" name="readFromWebTbl" time="35.301"/>
  <testcase classname="Scenarios.CompareWebTableData" name="readFromTxtFile" time="0.001"/>
  <testcase classname="Scenarios.CompareWebTableData" name="compareData" time="0.014"/>
  <testcase classname="Scenarios.SwitchingWindows" name="switchWin" time="36.129"/>
  <testcase classname="Scenarios.MultiOptsListBox" name="listBox" time="38.972"/>
  <testcase classname="Scenarios.Vindeep" name="HandlingDiffObjs" time="16.663"/>
  <testcase classname="Scenarios.HandlingCaptcha" name="captcha1" time="6.63"/>
  <testcase classname="Scenarios.CompareWebTableData" name="compareData1" time="0.0">
    <ignored/>
  </testcase> <!-- compareData1 -->
</testsuite> <!-- Test -->
