<?xml version="1.0" encoding="UTF-8"?>
<testng-results ignored="1" total="11" passed="10" failed="0" skipped="0">
  <reporter-output>
  </reporter-output>
  <suite started-at="2022-11-21T22:28:01 IST" name="Suite" finished-at="2022-11-21T22:31:25 IST" duration-ms="204017">
    <groups>
    </groups>
    <test started-at="2022-11-21T22:28:01 IST" name="Test" finished-at="2022-11-21T22:31:25 IST" duration-ms="204017">
      <class name="Scenarios.ReadFromWebTable">
        <test-method signature="readFrmTable()[pri:0, instance:Scenarios.ReadFromWebTable@72a7c7e0]" started-at="2022-11-21T22:28:37 IST" name="readFrmTable" finished-at="2022-11-21T22:29:11 IST" duration-ms="33410" status="PASS">
          <reporter-output>
          </reporter-output>
        </test-method> <!-- readFrmTable -->
      </class> <!-- Scenarios.ReadFromWebTable -->
      <class name="Scenarios.MultiOptsListBox">
        <test-method signature="listBox()[pri:0, instance:Scenarios.MultiOptsListBox@17046283]" started-at="2022-11-21T22:30:22 IST" name="listBox" finished-at="2022-11-21T22:31:01 IST" duration-ms="38972" status="PASS">
          <reporter-output>
          </reporter-output>
        </test-method> <!-- listBox -->
      </class> <!-- Scenarios.MultiOptsListBox -->
      <class name="Scenarios.CompareWebTableData">
        <test-method signature="readFromWebTbl()[pri:1, instance:Scenarios.CompareWebTableData@2e4b8173]" started-at="2022-11-21T22:29:11 IST" name="readFromWebTbl" description="reads data from web table" finished-at="2022-11-21T22:29:46 IST" duration-ms="35301" status="PASS">
          <reporter-output>
          </reporter-output>
        </test-method> <!-- readFromWebTbl -->
        <test-method signature="readFromTxtFile()[pri:2, instance:Scenarios.CompareWebTableData@2e4b8173]" started-at="2022-11-21T22:29:46 IST" name="readFromTxtFile" description="read data from text file" finished-at="2022-11-21T22:29:46 IST" duration-ms="1" status="PASS">
          <reporter-output>
          </reporter-output>
        </test-method> <!-- readFromTxtFile -->
        <test-method signature="compareData()[pri:3, instance:Scenarios.CompareWebTableData@2e4b8173]" started-at="2022-11-21T22:29:46 IST" name="compareData" description="Compare data" finished-at="2022-11-21T22:29:46 IST" duration-ms="14" status="PASS">
          <reporter-output>
          </reporter-output>
        </test-method> <!-- compareData -->
      </class> <!-- Scenarios.CompareWebTableData -->
      <class name="Scenarios.HandlingCaptcha">
        <test-method signature="captcha1()[pri:0, instance:Scenarios.HandlingCaptcha@29626d54]" started-at="2022-11-21T22:31:18 IST" name="captcha1" finished-at="2022-11-21T22:31:25 IST" duration-ms="6630" status="PASS">
          <reporter-output>
          </reporter-output>
        </test-method> <!-- captcha1 -->
      </class> <!-- Scenarios.HandlingCaptcha -->
      <class name="Scenarios.Vindeep">
        <test-method signature="HandlingDiffObjs()[pri:0, instance:Scenarios.Vindeep@5bd03f44]" started-at="2022-11-21T22:31:01 IST" name="HandlingDiffObjs" finished-at="2022-11-21T22:31:18 IST" duration-ms="16663" status="PASS">
          <reporter-output>
          </reporter-output>
        </test-method> <!-- HandlingDiffObjs -->
      </class> <!-- Scenarios.Vindeep -->
      <class name="Scenarios.ThruTextFile">
        <test-method signature="txtFile()[pri:0, instance:Scenarios.ThruTextFile@4a22f9e2]" started-at="2022-11-21T22:28:01 IST" name="txtFile" finished-at="2022-11-21T22:28:01 IST" duration-ms="10" status="PASS">
          <reporter-output>
          </reporter-output>
        </test-method> <!-- txtFile -->
      </class> <!-- Scenarios.ThruTextFile -->
      <class name="Scenarios.HandlingAlerts">
        <test-method signature="handlingAlerts()[pri:0, instance:Scenarios.HandlingAlerts@1622f1b]" started-at="2022-11-21T22:28:01 IST" name="handlingAlerts" finished-at="2022-11-21T22:28:37 IST" duration-ms="36775" status="PASS">
          <reporter-output>
          </reporter-output>
        </test-method> <!-- handlingAlerts -->
      </class> <!-- Scenarios.HandlingAlerts -->
      <class name="Scenarios.SwitchingWindows">
        <test-method signature="switchWin()[pri:0, instance:Scenarios.SwitchingWindows@70e8f8e]" started-at="2022-11-21T22:29:46 IST" name="switchWin" finished-at="2022-11-21T22:30:22 IST" duration-ms="36129" status="PASS">
          <reporter-output>
          </reporter-output>
        </test-method> <!-- switchWin -->
      </class> <!-- Scenarios.SwitchingWindows -->
    </test> <!-- Test -->
  </suite> <!-- Suite -->
</testng-results>
