<?xml version="1.0" encoding="UTF-8"?>
<testng-results ignored="1" total="12" passed="10" failed="1" skipped="0">
  <reporter-output>
  </reporter-output>
  <suite started-at="2022-11-17T22:13:59 IST" name="Suite" finished-at="2022-11-17T22:16:55 IST" duration-ms="175918">
    <groups>
    </groups>
    <test started-at="2022-11-17T22:13:59 IST" name="Test" finished-at="2022-11-17T22:16:55 IST" duration-ms="175918">
      <class name="Scenarios.ReadFromWebTable">
        <test-method signature="readFrmTable()[pri:0, instance:Scenarios.ReadFromWebTable@434a63ab]" started-at="2022-11-17T22:15:04 IST" name="readFrmTable" finished-at="2022-11-17T22:15:39 IST" duration-ms="35679" status="PASS">
          <reporter-output>
          </reporter-output>
        </test-method> <!-- readFrmTable -->
      </class> <!-- Scenarios.ReadFromWebTable -->
      <class name="Scenarios.MultiOptsListBox">
        <test-method signature="listBox()[pri:0, instance:Scenarios.MultiOptsListBox@3ee37e5a]" started-at="2022-11-17T22:16:16 IST" name="listBox" finished-at="2022-11-17T22:16:30 IST" duration-ms="14395" status="PASS">
          <reporter-output>
          </reporter-output>
        </test-method> <!-- listBox -->
      </class> <!-- Scenarios.MultiOptsListBox -->
      <class name="Scenarios.Rediff">
        <test-method is-config="true" signature="openBrowser()[pri:0, instance:Scenarios.Rediff@209da20d]" started-at="2022-11-17T22:13:59 IST" name="openBrowser" description="launch rediff" finished-at="2022-11-17T22:14:07 IST" duration-ms="8508" status="PASS">
          <reporter-output>
          </reporter-output>
        </test-method> <!-- openBrowser -->
        <test-method signature="login1()[pri:2, instance:Scenarios.Rediff@209da20d]" started-at="2022-11-17T22:14:07 IST" name="login1" description="Soft Assert" finished-at="2022-11-17T22:14:29 IST" duration-ms="21120" status="FAIL">
          <exception class="org.openqa.selenium.WebDriverException">
            <message>
              <![CDATA[unknown error: cannot determine loading status
from disconnected: unable to send message to renderer
  (Session info: chrome=107.0.5304.107)
Build info: version: '4.6.0', revision: '79f1c02ae20'
System info: os.name: 'Windows 7', os.arch: 'amd64', os.version: '6.1', java.version: '18.0.1'
Driver info: org.openqa.selenium.chrome.ChromeDriver
Command: [f881bc3966d4edb6cfa669b8de1ae919, clickElement {id=8ea74c57-6817-4883-bb88-da79d2431ce0}]
Capabilities {acceptInsecureCerts: false, browserName: chrome, browserVersion: 107.0.5304.107, chrome: {chromedriverVersion: 107.0.5304.62 (1eec40d3a576..., userDataDir: C:\Users\Arpana\AppData\Loc...}, goog:chromeOptions: {debuggerAddress: localhost:54262}, networkConnectionEnabled: false, pageLoadStrategy: normal, platformName: WINDOWS, proxy: Proxy(), se:cdp: ws://localhost:54262/devtoo..., se:cdpVersion: 107.0.5304.107, setWindowRect: true, strictFileInteractability: false, timeouts: {implicit: 0, pageLoad: 300000, script: 30000}, unhandledPromptBehavior: dismiss and notify, webauthn:extension:credBlob: true, webauthn:extension:largeBlob: true, webauthn:virtualAuthenticators: true}
Element: [[ChromeDriver: chrome on WINDOWS (f881bc3966d4edb6cfa669b8de1ae919)] -> xpath: /html/body/div[4]/div[1]/div/div[2]/a[2]]
Session ID: f881bc3966d4edb6cfa669b8de1ae919]]>
            </message>
            <full-stacktrace>
              <![CDATA[org.openqa.selenium.WebDriverException: unknown error: cannot determine loading status
from disconnected: unable to send message to renderer
  (Session info: chrome=107.0.5304.107)
Build info: version: '4.6.0', revision: '79f1c02ae20'
System info: os.name: 'Windows 7', os.arch: 'amd64', os.version: '6.1', java.version: '18.0.1'
Driver info: org.openqa.selenium.chrome.ChromeDriver
Command: [f881bc3966d4edb6cfa669b8de1ae919, clickElement {id=8ea74c57-6817-4883-bb88-da79d2431ce0}]
Capabilities {acceptInsecureCerts: false, browserName: chrome, browserVersion: 107.0.5304.107, chrome: {chromedriverVersion: 107.0.5304.62 (1eec40d3a576..., userDataDir: C:\Users\Arpana\AppData\Loc...}, goog:chromeOptions: {debuggerAddress: localhost:54262}, networkConnectionEnabled: false, pageLoadStrategy: normal, platformName: WINDOWS, proxy: Proxy(), se:cdp: ws://localhost:54262/devtoo..., se:cdpVersion: 107.0.5304.107, setWindowRect: true, strictFileInteractability: false, timeouts: {implicit: 0, pageLoad: 300000, script: 30000}, unhandledPromptBehavior: dismiss and notify, webauthn:extension:credBlob: true, webauthn:extension:largeBlob: true, webauthn:virtualAuthenticators: true}
Element: [[ChromeDriver: chrome on WINDOWS (f881bc3966d4edb6cfa669b8de1ae919)] -> xpath: /html/body/div[4]/div[1]/div/div[2]/a[2]]
Session ID: f881bc3966d4edb6cfa669b8de1ae919
at java.base/jdk.internal.reflect.DirectConstructorHandleAccessor.newInstance(DirectConstructorHandleAccessor.java:67)
at java.base/java.lang.reflect.Constructor.newInstanceWithCaller(Constructor.java:499)
at java.base/java.lang.reflect.Constructor.newInstance(Constructor.java:483)
at org.openqa.selenium.remote.codec.w3c.W3CHttpResponseCodec.createException(W3CHttpResponseCodec.java:200)
at org.openqa.selenium.remote.codec.w3c.W3CHttpResponseCodec.decode(W3CHttpResponseCodec.java:133)
at org.openqa.selenium.remote.codec.w3c.W3CHttpResponseCodec.decode(W3CHttpResponseCodec.java:53)
at org.openqa.selenium.remote.HttpCommandExecutor.execute(HttpCommandExecutor.java:184)
at org.openqa.selenium.remote.service.DriverCommandExecutor.invokeExecute(DriverCommandExecutor.java:167)
at org.openqa.selenium.remote.service.DriverCommandExecutor.execute(DriverCommandExecutor.java:142)
at org.openqa.selenium.remote.RemoteWebDriver.execute(RemoteWebDriver.java:541)
at org.openqa.selenium.remote.RemoteWebElement.execute(RemoteWebElement.java:257)
at org.openqa.selenium.remote.RemoteWebElement.click(RemoteWebElement.java:78)
at Scenarios.Rediff.login1(Rediff.java:57)
at java.base/jdk.internal.reflect.DirectMethodHandleAccessor.invoke(DirectMethodHandleAccessor.java:104)
at java.base/java.lang.reflect.Method.invoke(Method.java:577)
at org.testng.internal.MethodInvocationHelper.invokeMethod(MethodInvocationHelper.java:133)
at org.testng.internal.TestInvoker.invokeMethod(TestInvoker.java:598)
at org.testng.internal.TestInvoker.invokeTestMethod(TestInvoker.java:173)
at org.testng.internal.MethodRunner.runInSequence(MethodRunner.java:46)
at org.testng.internal.TestInvoker$MethodInvocationAgent.invoke(TestInvoker.java:824)
at org.testng.internal.TestInvoker.invokeTestMethods(TestInvoker.java:146)
at org.testng.internal.TestMethodWorker.invokeTestMethods(TestMethodWorker.java:146)
at org.testng.internal.TestMethodWorker.run(TestMethodWorker.java:128)
at java.base/java.util.ArrayList.forEach(ArrayList.java:1511)
at org.testng.TestRunner.privateRun(TestRunner.java:794)
at org.testng.TestRunner.run(TestRunner.java:596)
at org.testng.SuiteRunner.runTest(SuiteRunner.java:377)
at org.testng.SuiteRunner.runSequentially(SuiteRunner.java:371)
at org.testng.SuiteRunner.privateRun(SuiteRunner.java:332)
at org.testng.SuiteRunner.run(SuiteRunner.java:276)
at org.testng.SuiteRunnerWorker.runSuite(SuiteRunnerWorker.java:53)
at org.testng.SuiteRunnerWorker.run(SuiteRunnerWorker.java:96)
at org.testng.TestNG.runSuitesSequentially(TestNG.java:1212)
at org.testng.TestNG.runSuitesLocally(TestNG.java:1134)
at org.testng.TestNG.runSuites(TestNG.java:1063)
at org.testng.TestNG.run(TestNG.java:1031)
at org.testng.remote.AbstractRemoteTestNG.run(AbstractRemoteTestNG.java:115)
at org.testng.remote.RemoteTestNG.initAndRun(RemoteTestNG.java:251)
at org.testng.remote.RemoteTestNG.main(RemoteTestNG.java:77)
]]>
            </full-stacktrace>
          </exception> <!-- org.openqa.selenium.WebDriverException -->
          <reporter-output>
          </reporter-output>
        </test-method> <!-- login1 -->
        <test-method is-config="true" signature="closeBrowser()[pri:0, instance:Scenarios.Rediff@209da20d]" started-at="2022-11-17T22:14:29 IST" name="closeBrowser" description="close rediff" finished-at="2022-11-17T22:14:30 IST" duration-ms="917" status="PASS">
          <reporter-output>
          </reporter-output>
        </test-method> <!-- closeBrowser -->
      </class> <!-- Scenarios.Rediff -->
      <class name="Scenarios.CompareWebTableData">
        <test-method signature="readFromWebTbl()[pri:1, instance:Scenarios.CompareWebTableData@6e0f5f7f]" started-at="2022-11-17T22:15:39 IST" name="readFromWebTbl" description="reads data from web table" finished-at="2022-11-17T22:16:08 IST" duration-ms="28567" status="PASS">
          <reporter-output>
          </reporter-output>
        </test-method> <!-- readFromWebTbl -->
        <test-method signature="readFromTxtFile()[pri:2, instance:Scenarios.CompareWebTableData@6e0f5f7f]" started-at="2022-11-17T22:16:08 IST" name="readFromTxtFile" description="read data from text file" finished-at="2022-11-17T22:16:08 IST" duration-ms="3" status="PASS">
          <reporter-output>
          </reporter-output>
        </test-method> <!-- readFromTxtFile -->
        <test-method signature="compareData()[pri:3, instance:Scenarios.CompareWebTableData@6e0f5f7f]" started-at="2022-11-17T22:16:08 IST" name="compareData" description="Compare data" finished-at="2022-11-17T22:16:08 IST" duration-ms="4" status="PASS">
          <reporter-output>
          </reporter-output>
        </test-method> <!-- compareData -->
      </class> <!-- Scenarios.CompareWebTableData -->
      <class name="Scenarios.HandlingCaptcha">
        <test-method signature="captcha1()[pri:0, instance:Scenarios.HandlingCaptcha@3a44431a]" started-at="2022-11-17T22:16:48 IST" name="captcha1" finished-at="2022-11-17T22:16:55 IST" duration-ms="7037" status="PASS">
          <reporter-output>
          </reporter-output>
        </test-method> <!-- captcha1 -->
      </class> <!-- Scenarios.HandlingCaptcha -->
      <class name="Scenarios.Vindeep">
        <test-method signature="HandlingDiffObjs()[pri:0, instance:Scenarios.Vindeep@2ea41516]" started-at="2022-11-17T22:16:30 IST" name="HandlingDiffObjs" finished-at="2022-11-17T22:16:48 IST" duration-ms="17300" status="PASS">
          <reporter-output>
          </reporter-output>
        </test-method> <!-- HandlingDiffObjs -->
      </class> <!-- Scenarios.Vindeep -->
      <class name="Scenarios.ThruTextFile">
        <test-method signature="txtFile()[pri:0, instance:Scenarios.ThruTextFile@5b03b9fe]" started-at="2022-11-17T22:14:30 IST" name="txtFile" finished-at="2022-11-17T22:14:30 IST" duration-ms="10" status="PASS">
          <reporter-output>
          </reporter-output>
        </test-method> <!-- txtFile -->
      </class> <!-- Scenarios.ThruTextFile -->
      <class name="Scenarios.HandlingAlerts">
        <test-method signature="handlingAlerts()[pri:0, instance:Scenarios.HandlingAlerts@37d4349f]" started-at="2022-11-17T22:14:30 IST" name="handlingAlerts" finished-at="2022-11-17T22:15:04 IST" duration-ms="34128" status="PASS">
          <reporter-output>
          </reporter-output>
        </test-method> <!-- handlingAlerts -->
      </class> <!-- Scenarios.HandlingAlerts -->
      <class name="Scenarios.SwitchingWindows">
        <test-method signature="switchWin()[pri:0, instance:Scenarios.SwitchingWindows@2805d709]" started-at="2022-11-17T22:16:08 IST" name="switchWin" finished-at="2022-11-17T22:16:16 IST" duration-ms="8043" status="PASS">
          <reporter-output>
          </reporter-output>
        </test-method> <!-- switchWin -->
      </class> <!-- Scenarios.SwitchingWindows -->
    </test> <!-- Test -->
  </suite> <!-- Suite -->
</testng-results>
